# JRE version: OpenJDK Runtime Environment (17.0.6) (build 17.0.6+0-b2043.56-10027231)
# Java VM: OpenJDK 64-Bit Server VM (17.0.6+0-b2043.56-10027231, mixed mode, tiered, compressed oops, compressed class ptrs, g1 gc, windows-amd64)
GC Precious Log:
 CPUs: 4 total, 4 available
 Memory: 6063M
 Large Page Support: Disabled
 NUMA Support: Disabled
 Compressed Oops: Enabled (32-bit)
 Heap Region Size: 1M
 Heap Min Capacity: 8M
 Heap Initial Capacity: 96M
 Heap Max Capacity: 2G
 Pre-touch: Disabled
 Parallel Workers: 4
 Concurrent Workers: 1
 Concurrent Refinement Workers: 4
 Periodic GC: Disabled
Heap:
 garbage-first heap   total 83968K, used 49496K [0x0000000080000000, 0x0000000100000000)
  region size 1024K, 5 young (5120K), 1 survivors (1024K)
 Metaspace       used 29781K, committed 30208K, reserved 1081344K
  class space    used 4026K, committed 4224K, reserved 1048576K
GC Heap History (14 events):
Event: 6.418 GC heap before
{Heap before GC invocations=0 (full 0):
 garbage-first heap   total 98304K, used 13312K [0x0000000080000000, 0x0000000100000000)
  region size 1024K, 13 young (13312K), 0 survivors (0K)
 Metaspace       used 7085K, committed 7296K, reserved 1056768K
  class space    used 608K, committed 704K, reserved 1048576K
}
Event: 6.439 GC heap after
{Heap after GC invocations=1 (full 0):
 garbage-first heap   total 98304K, used 3696K [0x0000000080000000, 0x0000000100000000)
  region size 1024K, 2 young (2048K), 2 survivors (2048K)
 Metaspace       used 7085K, committed 7296K, reserved 1056768K
  class space    used 608K, committed 704K, reserved 1048576K
}
Event: 16.572 GC heap before
{Heap before GC invocations=1 (full 0):
 garbage-first heap   total 98304K, used 22128K [0x0000000080000000, 0x0000000100000000)
  region size 1024K, 17 young (17408K), 2 survivors (2048K)
 Metaspace       used 11115K, committed 11264K, reserved 1064960K
  class space    used 1163K, committed 1280K, reserved 1048576K
}
Event: 16.585 GC heap after
{Heap after GC invocations=2 (full 0):
 garbage-first heap   total 98304K, used 10480K [0x0000000080000000, 0x0000000100000000)
  region size 1024K, 3 young (3072K), 3 survivors (3072K)
 Metaspace       used 11115K, committed 11264K, reserved 1064960K
  class space    used 1163K, committed 1280K, reserved 1048576K
}
Event: 19.863 GC heap before
{Heap before GC invocations=2 (full 0):
 garbage-first heap   total 98304K, used 30960K [0x0000000080000000, 0x0000000100000000)
  region size 1024K, 23 young (23552K), 3 survivors (3072K)
 Metaspace       used 11199K, committed 11456K, reserved 1064960K
  class space    used 1163K, committed 1280K, reserved 1048576K
}
Event: 19.872 GC heap after
{Heap after GC invocations=3 (full 0):
 garbage-first heap   total 98304K, used 12800K [0x0000000080000000, 0x0000000100000000)
  region size 1024K, 2 young (2048K), 2 survivors (2048K)
 Metaspace       used 11199K, committed 11456K, reserved 1064960K
  class space    used 1163K, committed 1280K, reserved 1048576K
}
Event: 56.858 GC heap before
{Heap before GC invocations=3 (full 0):
 garbage-first heap   total 98304K, used 50688K [0x0000000080000000, 0x0000000100000000)
  region size 1024K, 40 young (40960K), 2 survivors (2048K)
 Metaspace       used 21236K, committed 21504K, reserved 1073152K
  class space    used 2548K, committed 2688K, reserved 1048576K
}
Event: 56.917 GC heap after
{Heap after GC invocations=4 (full 0):
 garbage-first heap   total 98304K, used 18804K [0x0000000080000000, 0x0000000100000000)
  region size 1024K, 8 young (8192K), 8 survivors (8192K)
 Metaspace       used 21236K, committed 21504K, reserved 1073152K
  class space    used 2548K, committed 2688K, reserved 1048576K
}
Event: 65.756 GC heap before
{Heap before GC invocations=5 (full 0):
 garbage-first heap   total 68608K, used 51572K [0x0000000080000000, 0x0000000100000000)
  region size 1024K, 40 young (40960K), 8 survivors (8192K)
 Metaspace       used 26460K, committed 26752K, reserved 1073152K
  class space    used 3454K, committed 3584K, reserved 1048576K
}
Event: 65.781 GC heap after
{Heap after GC invocations=6 (full 0):
 garbage-first heap   total 68608K, used 20695K [0x0000000080000000, 0x0000000100000000)
  region size 1024K, 3 young (3072K), 3 survivors (3072K)
 Metaspace       used 26460K, committed 26752K, reserved 1073152K
  class space    used 3454K, committed 3584K, reserved 1048576K
}
Event: 71.218 GC heap before
{Heap before GC invocations=6 (full 0):
 garbage-first heap   total 68608K, used 49367K [0x0000000080000000, 0x0000000100000000)
  region size 1024K, 25 young (25600K), 3 survivors (3072K)
 Metaspace       used 29595K, committed 29952K, reserved 1081344K
  class space    used 3999K, committed 4160K, reserved 1048576K
}
Event: 71.226 GC heap after
{Heap after GC invocations=7 (full 0):
 garbage-first heap   total 68608K, used 32620K [0x0000000080000000, 0x0000000100000000)
  region size 1024K, 4 young (4096K), 4 survivors (4096K)
 Metaspace       used 29595K, committed 29952K, reserved 1081344K
  class space    used 3999K, committed 4160K, reserved 1048576K
}
Event: 71.651 GC heap before
{Heap before GC invocations=7 (full 0):
 garbage-first heap   total 68608K, used 44908K [0x0000000080000000, 0x0000000100000000)
  region size 1024K, 5 young (5120K), 4 survivors (4096K)
 Metaspace       used 29597K, committed 29952K, reserved 1081344K
  class space    used 3999K, committed 4160K, reserved 1048576K
}
Event: 71.656 GC heap after
{Heap after GC invocations=8 (full 0):
 garbage-first heap   total 68608K, used 45400K [0x0000000080000000, 0x0000000100000000)
  region size 1024K, 1 young (1024K), 1 survivors (1024K)
 Metaspace       used 29597K, committed 29952K, reserved 1081344K
  class space    used 3999K, committed 4160K, reserved 1048576K
}

